2026-01-28 23:28:56,940 - __main__ - INFO - Проверка установки ActivityWatch на Linux
2026-01-28 23:28:56,942 - __main__ - INFO - ActivityWatch найден: /home/sweepy/.local/bin/aw-server
2026-01-28 23:28:56,942 - __main__ - INFO - Проверка запущен ли ActivityWatch...
2026-01-28 23:28:56,945 - __main__ - INFO - ActivityWatch запущен и доступен
2026-01-28 23:35:55,234 - __main__ - INFO - Проверка установки ActivityWatch на Linux
2026-01-28 23:35:55,237 - __main__ - INFO - ActivityWatch найден: /home/sweepy/.local/bin/aw-server
2026-01-28 23:35:55,237 - __main__ - INFO - Проверка запущен ли ActivityWatch...
2026-01-28 23:35:55,240 - __main__ - INFO - ActivityWatch запущен и доступен
2026-01-28 23:36:15,910 - __main__ - INFO - Запуск ActivityWatch...
2026-01-28 23:36:15,911 - __main__ - INFO - Запускаем aw-server из /home/sweepy/.local/share/activitywatch/aw-server
2026-01-28 23:36:16,912 - __main__ - INFO - Запускаем aw-watcher-window из /home/sweepy/.local/share/activitywatch/aw-watcher-window
2026-01-28 23:36:17,912 - __main__ - INFO - Запускаем aw-watcher-afk из /home/sweepy/.local/share/activitywatch/aw-watcher-afk
2026-01-28 23:36:21,914 - __main__ - ERROR - Процесс aw-server завершился с кодом 1
2026-01-28 23:36:21,914 - __main__ - ERROR - Ошибка aw-server: 2026-01-28 23:36:16 [INFO ]: Using storage method: peewee  (aw_server.main:33)
2026-01-28 23:36:16 [INFO ]: Starting up...  (aw_server.main:41)
2026-01-28 23:36:16 [INFO ]: Using database file: /home/sweepy/.local/share/activitywatch/aw-server/peewee-sqlite.v2.db  (aw_datastore.storages.peewee:150)
Address already in use
Port 5600 is in use by another program. Either identify and stop that program, or start the server with a different port.

2026-01-28 23:36:21,914 - __main__ - INFO - Процесс aw-watcher-window запущен (PID: 446555)
2026-01-28 23:36:21,914 - __main__ - INFO - Процесс aw-watcher-afk запущен (PID: 446711)
2026-01-28 23:36:21,914 - __main__ - INFO - Проверка запущен ли ActivityWatch...
2026-01-28 23:36:21,923 - __main__ - INFO - ActivityWatch запущен и доступен
2026-01-28 23:36:21,924 - __main__ - INFO - ActivityWatch успешно запущен и доступен
2026-01-28 23:36:21,930 - __main__ - INFO - Проверка установки ActivityWatch на Linux
2026-01-28 23:36:21,939 - __main__ - INFO - ActivityWatch найден: /home/sweepy/.local/bin/aw-server
2026-01-28 23:36:21,940 - __main__ - INFO - Проверка запущен ли ActivityWatch...
2026-01-28 23:36:21,947 - __main__ - INFO - ActivityWatch запущен и доступен
2026-01-28 23:36:21,951 - __main__ - INFO - Инициализирован клиент для устройства: sweepy-ms7d99
2026-01-28 23:36:21,952 - __main__ - INFO - Запуск непрерывной синхронизации с интервалом 1 минут
2026-01-28 23:36:21,952 - __main__ - INFO - Начало цикла синхронизации
2026-01-28 23:36:21,964 - __main__ - INFO - Подключение к ActivityWatch успешно
2026-01-28 23:36:21,974 - __main__ - INFO - Подключение к серверу успешно
2026-01-28 23:36:22,000 - __main__ - INFO - Отправлено 3 новых событий
2026-01-28 23:36:22,001 - __main__ - INFO - Отправка дневного отчета за 2026-01-28
2026-01-28 23:36:22,003 - __main__ - ERROR - Ошибка отправки сводки: 404 - {"detail":"Not Found"}
2026-01-28 23:36:22,003 - __main__ - INFO - Ожидание 1 минут до следующей синхронизации
2026-01-28 23:37:22,003 - __main__ - INFO - Начало цикла синхронизации
2026-01-28 23:37:22,012 - __main__ - INFO - Подключение к ActivityWatch успешно
2026-01-28 23:37:22,018 - __main__ - INFO - Подключение к серверу успешно
2026-01-28 23:37:22,060 - __main__ - INFO - Отправлено 5 новых событий
2026-01-28 23:37:22,062 - __main__ - INFO - Отправка дневного отчета за 2026-01-28
2026-01-28 23:37:22,067 - __main__ - ERROR - Ошибка отправки сводки: 404 - {"detail":"Not Found"}
2026-01-28 23:37:22,068 - __main__ - INFO - Ожидание 1 минут до следующей синхронизации
2026-01-28 23:38:22,068 - __main__ - INFO - Начало цикла синхронизации
2026-01-28 23:38:22,076 - __main__ - INFO - Подключение к ActivityWatch успешно
2026-01-28 23:38:22,083 - __main__ - INFO - Подключение к серверу успешно
2026-01-28 23:38:22,125 - __main__ - INFO - Отправлено 2 новых событий
2026-01-28 23:38:22,127 - __main__ - INFO - Отправка дневного отчета за 2026-01-28
2026-01-28 23:38:22,133 - __main__ - ERROR - Ошибка отправки сводки: 404 - {"detail":"Not Found"}
2026-01-28 23:38:22,133 - __main__ - INFO - Ожидание 1 минут до следующей синхронизации
2026-01-28 23:38:41,967 - __main__ - INFO - Синхронизация остановлена пользователем
2026-01-28 23:38:41,967 - __main__ - INFO - Отправка накопленных данных перед выходом
2026-01-28 23:38:41,970 - __main__ - ERROR - Ошибка отправки сводки: 404 - {"detail":"Not Found"}
2026-01-28 23:39:00,807 - __main__ - INFO - Проверка установки ActivityWatch на Linux
2026-01-28 23:39:00,810 - __main__ - INFO - ActivityWatch найден: /home/sweepy/.local/bin/aw-server
2026-01-28 23:39:00,810 - __main__ - INFO - Проверка запущен ли ActivityWatch...
2026-01-28 23:39:00,813 - __main__ - INFO - ActivityWatch запущен и доступен
2026-01-28 23:39:04,152 - __main__ - INFO - Конфиг сохранен: /home/sweepy/.activitywatch-client/config.json
2026-01-28 23:39:04,153 - __main__ - INFO - Отправка запроса регистрации: 01bace1f...
2026-01-28 23:39:04,211 - __main__ - ERROR - ❌ Ошибка регистрации: 500
2026-01-28 23:39:04,211 - __main__ - ERROR - ❌ Ошибка сети: Expecting value: line 1 column 1 (char 0)
2026-01-28 23:40:37,151 - __main__ - INFO - Проверка установки ActivityWatch на Linux
2026-01-28 23:40:37,153 - __main__ - INFO - ActivityWatch найден: /home/sweepy/.local/bin/aw-server
2026-01-28 23:40:37,154 - __main__ - INFO - Проверка запущен ли ActivityWatch...
2026-01-28 23:40:37,163 - __main__ - INFO - ActivityWatch запущен и доступен
2026-01-28 23:40:37,165 - __main__ - INFO - Инициализирован клиент для устройства: sweepy-ms7d99
2026-01-28 23:40:37,166 - __main__ - INFO - Запуск непрерывной синхронизации с интервалом 1 минут
2026-01-28 23:40:37,167 - __main__ - INFO - Начало цикла синхронизации
2026-01-28 23:40:37,178 - __main__ - INFO - Подключение к ActivityWatch успешно
2026-01-28 23:40:37,201 - __main__ - INFO - Подключение к серверу успешно
2026-01-28 23:40:37,211 - __main__ - INFO - Все события уже были обработаны
2026-01-28 23:40:37,211 - __main__ - INFO - Ожидание 1 минут до следующей синхронизации
2026-01-28 23:40:39,291 - __main__ - INFO - Проверка установки ActivityWatch на Linux
2026-01-28 23:40:39,293 - __main__ - INFO - ActivityWatch найден: /home/sweepy/.local/bin/aw-server
2026-01-28 23:40:39,293 - __main__ - INFO - Проверка запущен ли ActivityWatch...
2026-01-28 23:40:39,296 - __main__ - INFO - ActivityWatch запущен и доступен
2026-01-28 23:40:44,154 - __main__ - INFO - Конфиг сохранен: /home/sweepy/.activitywatch-client/config.json
2026-01-28 23:40:44,156 - __main__ - INFO - Отправка запроса регистрации: e48c0148...
2026-01-28 23:40:44,366 - __main__ - INFO - ✅ Устройство успешно зарегистрировано!
2026-01-28 23:47:46,055 - __main__ - INFO - Проверка установки ActivityWatch на Linux
2026-01-28 23:47:46,058 - __main__ - INFO - ActivityWatch найден: /home/sweepy/.local/bin/aw-server
2026-01-28 23:47:46,058 - __main__ - INFO - Проверка запущен ли ActivityWatch...
2026-01-28 23:47:46,061 - __main__ - INFO - ActivityWatch запущен и доступен
2026-01-28 23:47:46,061 - __main__ - INFO - Найден существующий токен, используем его
2026-01-28 23:47:46,062 - __main__ - INFO - Отправка запроса регистрации: e48c0148...
2026-01-28 23:47:46,069 - __main__ - ERROR - ❌ Ошибка регистрации: 401
2026-01-28 23:47:53,146 - __main__ - INFO - Проверка установки ActivityWatch на Linux
2026-01-28 23:47:53,149 - __main__ - INFO - ActivityWatch найден: /home/sweepy/.local/bin/aw-server
2026-01-28 23:47:53,149 - __main__ - INFO - Проверка запущен ли ActivityWatch...
2026-01-28 23:47:53,152 - __main__ - INFO - ActivityWatch запущен и доступен
2026-01-28 23:47:56,121 - __main__ - INFO - Конфиг сохранен: /home/sweepy/.activitywatch-client/config.json
2026-01-28 23:47:56,124 - __main__ - INFO - Отправка запроса регистрации: 1d1934f8...
2026-01-28 23:47:56,293 - __main__ - ERROR - ❌ Ошибка регистрации: 500
2026-01-28 23:47:56,293 - __main__ - ERROR - ❌ Ошибка сети: Expecting value: line 1 column 1 (char 0)
2026-01-28 23:48:38,823 - __main__ - INFO - Проверка установки ActivityWatch на Linux
2026-01-28 23:48:38,825 - __main__ - INFO - ActivityWatch найден: /home/sweepy/.local/bin/aw-server
2026-01-28 23:48:38,825 - __main__ - INFO - Проверка запущен ли ActivityWatch...
2026-01-28 23:48:38,829 - __main__ - INFO - ActivityWatch запущен и доступен
2026-01-28 23:48:38,829 - __main__ - INFO - Найден существующий токен, используем его
2026-01-28 23:48:38,829 - __main__ - INFO - Отправка запроса регистрации: 1d1934f8...
2026-01-28 23:48:39,029 - __main__ - INFO - ✅ Устройство успешно зарегистрировано!
2026-01-28 23:50:13,068 - __main__ - INFO - Проверка установки ActivityWatch на Linux
2026-01-28 23:50:13,070 - __main__ - INFO - ActivityWatch найден: /home/sweepy/.local/bin/aw-server
2026-01-28 23:50:13,070 - __main__ - INFO - Проверка запущен ли ActivityWatch...
2026-01-28 23:50:13,073 - __main__ - INFO - ActivityWatch запущен и доступен
2026-01-28 23:50:14,787 - __main__ - INFO - Конфиг сохранен: /home/sweepy/.activitywatch-client/config.json
2026-01-28 23:50:14,789 - __main__ - INFO - Отправка запроса регистрации: 6ebdfd75...
2026-01-28 23:50:14,844 - __main__ - INFO - ✅ Устройство успешно зарегистрировано!
2026-01-28 23:51:12,244 - __main__ - INFO - Проверка установки ActivityWatch на Linux
2026-01-28 23:51:12,246 - __main__ - INFO - ActivityWatch найден: /home/sweepy/.local/bin/aw-server
2026-01-28 23:51:12,246 - __main__ - INFO - Проверка запущен ли ActivityWatch...
2026-01-28 23:51:12,249 - __main__ - INFO - ActivityWatch запущен и доступен
2026-01-28 23:51:13,905 - __main__ - INFO - Конфиг сохранен: /home/sweepy/.activitywatch-client/config.json
2026-01-28 23:51:13,906 - __main__ - INFO - Отправка запроса регистрации: a1293ada...
2026-01-28 23:51:14,070 - __main__ - INFO - ✅ Устройство успешно зарегистрировано!
2026-01-28 23:51:25,421 - __main__ - INFO - Запуск ActivityWatch...
2026-01-28 23:51:25,422 - __main__ - INFO - Запускаем aw-server из /home/sweepy/.local/share/activitywatch/aw-server
2026-01-28 23:51:26,423 - __main__ - INFO - Запускаем aw-watcher-window из /home/sweepy/.local/share/activitywatch/aw-watcher-window
2026-01-28 23:51:27,424 - __main__ - INFO - Запускаем aw-watcher-afk из /home/sweepy/.local/share/activitywatch/aw-watcher-afk
2026-01-28 23:51:31,425 - __main__ - ERROR - Процесс aw-server завершился с кодом 1
2026-01-28 23:51:31,425 - __main__ - ERROR - Ошибка aw-server: 2026-01-28 23:51:25 [INFO ]: Using storage method: peewee  (aw_server.main:33)
2026-01-28 23:51:25 [INFO ]: Starting up...  (aw_server.main:41)
2026-01-28 23:51:25 [INFO ]: Using database file: /home/sweepy/.local/share/activitywatch/aw-server/peewee-sqlite.v2.db  (aw_datastore.storages.peewee:150)
Address already in use
Port 5600 is in use by another program. Either identify and stop that program, or start the server with a different port.

2026-01-28 23:51:31,425 - __main__ - INFO - Процесс aw-watcher-window запущен (PID: 551824)
2026-01-28 23:51:31,425 - __main__ - INFO - Процесс aw-watcher-afk запущен (PID: 552053)
2026-01-28 23:51:31,425 - __main__ - INFO - Проверка запущен ли ActivityWatch...
2026-01-28 23:51:31,429 - __main__ - INFO - ActivityWatch запущен и доступен
2026-01-28 23:51:31,430 - __main__ - INFO - ActivityWatch успешно запущен и доступен
2026-01-28 23:51:31,433 - __main__ - INFO - Проверка установки ActivityWatch на Linux
2026-01-28 23:51:31,446 - __main__ - INFO - ActivityWatch найден: /home/sweepy/.local/bin/aw-server
2026-01-28 23:51:31,447 - __main__ - INFO - Проверка запущен ли ActivityWatch...
2026-01-28 23:51:31,459 - __main__ - INFO - ActivityWatch запущен и доступен
2026-01-28 23:51:31,462 - __main__ - INFO - Инициализирован клиент для устройства: sweepy-ms7d99
2026-01-28 23:51:31,463 - __main__ - INFO - Запуск непрерывной синхронизации с интервалом 1 минут
2026-01-28 23:51:31,464 - __main__ - INFO - Начало цикла синхронизации
2026-01-28 23:51:31,473 - __main__ - INFO - Подключение к ActivityWatch успешно
2026-01-28 23:51:31,481 - __main__ - INFO - Подключение к серверу успешно
2026-01-28 23:51:31,499 - __main__ - INFO - Все события уже были обработаны
2026-01-28 23:51:31,499 - __main__ - INFO - Ожидание 1 минут до следующей синхронизации
2026-01-28 23:52:31,499 - __main__ - INFO - Начало цикла синхронизации
2026-01-28 23:52:31,502 - __main__ - INFO - Подключение к ActivityWatch успешно
2026-01-28 23:52:31,503 - __main__ - INFO - Подключение к серверу успешно
2026-01-28 23:52:31,519 - __main__ - INFO - Отправлено 12 новых событий
2026-01-28 23:52:31,520 - __main__ - INFO - Отправка дневного отчета за 2026-01-28
2026-01-28 23:52:31,522 - __main__ - ERROR - Ошибка отправки сводки: 404 - {"detail":"Not Found"}
2026-01-28 23:52:31,522 - __main__ - INFO - Ожидание 1 минут до следующей синхронизации
2026-01-28 23:53:31,522 - __main__ - INFO - Начало цикла синхронизации
2026-01-28 23:53:31,524 - __main__ - INFO - Подключение к ActivityWatch успешно
2026-01-28 23:53:31,525 - __main__ - ERROR - Ошибка подключения к серверу: HTTPConnectionPool(host='localhost', port=8000): Max retries exceeded with url: / (Caused by NewConnectionError("HTTPConnection(host='localhost', port=8000): Failed to establish a new connection: [Errno 111] Connection refused"))
2026-01-28 23:53:31,525 - __main__ - WARNING - Сервер недоступен
2026-01-28 23:53:31,525 - __main__ - INFO - Ожидание 1 минут до следующей синхронизации
2026-01-28 23:54:31,526 - __main__ - INFO - Начало цикла синхронизации
2026-01-28 23:54:31,531 - __main__ - INFO - Подключение к ActivityWatch успешно
2026-01-28 23:54:31,534 - __main__ - ERROR - Ошибка подключения к серверу: HTTPConnectionPool(host='localhost', port=8000): Max retries exceeded with url: / (Caused by NewConnectionError("HTTPConnection(host='localhost', port=8000): Failed to establish a new connection: [Errno 111] Connection refused"))
2026-01-28 23:54:31,535 - __main__ - WARNING - Сервер недоступен
2026-01-28 23:54:31,535 - __main__ - INFO - Ожидание 1 минут до следующей синхронизации
2026-01-28 23:55:31,535 - __main__ - INFO - Начало цикла синхронизации
2026-01-28 23:55:31,537 - __main__ - INFO - Подключение к ActivityWatch успешно
2026-01-28 23:55:31,538 - __main__ - ERROR - Ошибка подключения к серверу: HTTPConnectionPool(host='localhost', port=8000): Max retries exceeded with url: / (Caused by NewConnectionError("HTTPConnection(host='localhost', port=8000): Failed to establish a new connection: [Errno 111] Connection refused"))
2026-01-28 23:55:31,538 - __main__ - WARNING - Сервер недоступен
2026-01-28 23:55:31,538 - __main__ - INFO - Ожидание 1 минут до следующей синхронизации
2026-01-28 23:56:31,538 - __main__ - INFO - Начало цикла синхронизации
2026-01-28 23:56:31,543 - __main__ - INFO - Подключение к ActivityWatch успешно
2026-01-28 23:56:31,550 - __main__ - INFO - Подключение к серверу успешно
2026-01-28 23:56:31,658 - __main__ - INFO - Отправлено 10 новых событий
2026-01-28 23:56:31,659 - __main__ - INFO - Отправка дневного отчета за 2026-01-28
2026-01-28 23:56:31,660 - __main__ - ERROR - Ошибка отправки сводки: 404 - {"detail":"Not Found"}
2026-01-28 23:56:31,660 - __main__ - INFO - Ожидание 1 минут до следующей синхронизации
2026-01-28 23:57:31,660 - __main__ - INFO - Начало цикла синхронизации
2026-01-28 23:57:31,668 - __main__ - INFO - Подключение к ActivityWatch успешно
2026-01-28 23:57:31,674 - __main__ - INFO - Подключение к серверу успешно
2026-01-28 23:57:31,700 - __main__ - INFO - Отправлено 7 новых событий
2026-01-28 23:57:31,700 - __main__ - INFO - Отправка дневного отчета за 2026-01-28
2026-01-28 23:57:31,702 - __main__ - ERROR - Ошибка отправки сводки: 404 - {"detail":"Not Found"}
2026-01-28 23:57:31,702 - __main__ - INFO - Ожидание 1 минут до следующей синхронизации
2026-01-28 23:58:31,702 - __main__ - INFO - Начало цикла синхронизации
2026-01-28 23:58:31,711 - __main__ - INFO - Подключение к ActivityWatch успешно
2026-01-28 23:58:31,731 - __main__ - INFO - Подключение к серверу успешно
2026-01-28 23:58:31,774 - __main__ - ERROR - Ошибка отправки: 400 - {"detail":"device_id required"}
2026-01-28 23:58:31,774 - __main__ - INFO - Ожидание 1 минут до следующей синхронизации
2026-01-28 23:59:31,774 - __main__ - INFO - Начало цикла синхронизации
2026-01-28 23:59:31,777 - __main__ - INFO - Подключение к ActivityWatch успешно
2026-01-28 23:59:31,778 - __main__ - INFO - Подключение к серверу успешно
2026-01-28 23:59:31,787 - __main__ - ERROR - Ошибка отправки: 400 - {"detail":"device_id required"}
2026-01-28 23:59:31,788 - __main__ - INFO - Ожидание 1 минут до следующей синхронизации
2026-01-29 00:00:31,788 - __main__ - INFO - Начало цикла синхронизации
2026-01-29 00:00:31,794 - __main__ - INFO - Подключение к ActivityWatch успешно
2026-01-29 00:00:31,809 - __main__ - INFO - Подключение к серверу успешно
2026-01-29 00:00:31,865 - __main__ - ERROR - Ошибка отправки: 400 - {"detail":"device_id required"}
2026-01-29 00:00:31,866 - __main__ - INFO - Ожидание 1 минут до следующей синхронизации
2026-01-29 00:01:16,580 - __main__ - INFO - Синхронизация остановлена пользователем
2026-01-29 00:01:16,580 - __main__ - INFO - Отправка накопленных данных перед выходом
2026-01-29 00:01:16,587 - __main__ - ERROR - Ошибка отправки сводки: 404 - {"detail":"Not Found"}
2026-01-29 00:01:17,409 - __main__ - INFO - Проверка установки ActivityWatch на Linux
2026-01-29 00:01:17,411 - __main__ - INFO - ActivityWatch найден: /home/sweepy/.local/bin/aw-server
2026-01-29 00:01:17,412 - __main__ - INFO - Проверка запущен ли ActivityWatch...
2026-01-29 00:01:17,415 - __main__ - INFO - ActivityWatch запущен и доступен
2026-01-29 00:01:17,415 - __main__ - INFO - Найден существующий токен, используем его
2026-01-29 00:01:17,415 - __main__ - INFO - Отправка запроса регистрации: a1293ada...
2026-01-29 00:01:17,624 - __main__ - INFO - ✅ Устройство успешно зарегистрировано!
2026-01-29 00:01:20,256 - __main__ - INFO - Запуск ActivityWatch...
2026-01-29 00:01:20,256 - __main__ - INFO - Запускаем aw-server из /home/sweepy/.local/share/activitywatch/aw-server
2026-01-29 00:01:21,258 - __main__ - INFO - Запускаем aw-watcher-window из /home/sweepy/.local/share/activitywatch/aw-watcher-window
2026-01-29 00:01:22,258 - __main__ - INFO - Запускаем aw-watcher-afk из /home/sweepy/.local/share/activitywatch/aw-watcher-afk
2026-01-29 00:01:26,259 - __main__ - ERROR - Процесс aw-server завершился с кодом 1
2026-01-29 00:01:26,259 - __main__ - ERROR - Ошибка aw-server: 2026-01-29 00:01:20 [INFO ]: Using storage method: peewee  (aw_server.main:33)
2026-01-29 00:01:20 [INFO ]: Starting up...  (aw_server.main:41)
2026-01-29 00:01:20 [INFO ]: Using database file: /home/sweepy/.local/share/activitywatch/aw-server/peewee-sqlite.v2.db  (aw_datastore.storages.peewee:150)
Address already in use
Port 5600 is in use by another program. Either identify and stop that program, or start the server with a different port.

2026-01-29 00:01:26,259 - __main__ - INFO - Процесс aw-watcher-window запущен (PID: 621171)
2026-01-29 00:01:26,259 - __main__ - INFO - Процесс aw-watcher-afk запущен (PID: 621222)
2026-01-29 00:01:26,259 - __main__ - INFO - Проверка запущен ли ActivityWatch...
2026-01-29 00:01:26,268 - __main__ - INFO - ActivityWatch запущен и доступен
2026-01-29 00:01:26,268 - __main__ - INFO - ActivityWatch успешно запущен и доступен
2026-01-29 00:01:26,274 - __main__ - INFO - Проверка установки ActivityWatch на Linux
2026-01-29 00:01:26,282 - __main__ - INFO - ActivityWatch найден: /home/sweepy/.local/bin/aw-server
2026-01-29 00:01:26,282 - __main__ - INFO - Проверка запущен ли ActivityWatch...
2026-01-29 00:01:26,287 - __main__ - INFO - ActivityWatch запущен и доступен
2026-01-29 00:01:26,289 - __main__ - INFO - Инициализирован клиент для устройства: sweepy-ms7d99
2026-01-29 00:01:26,290 - __main__ - INFO - Запуск непрерывной синхронизации с интервалом 1 минут
2026-01-29 00:01:26,290 - __main__ - INFO - Начало цикла синхронизации
2026-01-29 00:01:26,295 - __main__ - INFO - Подключение к ActivityWatch успешно
2026-01-29 00:01:26,297 - __main__ - INFO - Подключение к серверу успешно
2026-01-29 00:01:26,607 - __main__ - INFO - Отправлено 20 новых событий
2026-01-29 00:01:26,608 - __main__ - INFO - Отправка дневного отчета за 2026-01-28
2026-01-29 00:01:26,609 - __main__ - ERROR - Ошибка отправки сводки: 404 - {"detail":"Not Found"}
2026-01-29 00:01:26,609 - __main__ - INFO - Ожидание 1 минут до следующей синхронизации
2026-01-29 00:02:26,610 - __main__ - INFO - Начало цикла синхронизации
2026-01-29 00:02:26,614 - __main__ - INFO - Подключение к ActivityWatch успешно
2026-01-29 00:02:26,622 - __main__ - INFO - Подключение к серверу успешно
2026-01-29 00:02:27,049 - __main__ - INFO - Отправлено 2 новых событий
2026-01-29 00:02:27,050 - __main__ - INFO - Отправка дневного отчета за 2026-01-28
2026-01-29 00:02:27,051 - __main__ - ERROR - Ошибка отправки сводки: 404 - {"detail":"Not Found"}
2026-01-29 00:02:27,051 - __main__ - INFO - Ожидание 1 минут до следующей синхронизации
2026-01-29 00:03:27,051 - __main__ - INFO - Начало цикла синхронизации
2026-01-29 00:03:27,060 - __main__ - INFO - Подключение к ActivityWatch успешно
2026-01-29 00:03:27,067 - __main__ - INFO - Подключение к серверу успешно
2026-01-29 00:03:27,333 - __main__ - INFO - Отправлено 11 новых событий
2026-01-29 00:03:27,333 - __main__ - INFO - Отправка дневного отчета за 2026-01-28
2026-01-29 00:03:27,335 - __main__ - ERROR - Ошибка отправки сводки: 404 - {"detail":"Not Found"}
2026-01-29 00:03:27,335 - __main__ - INFO - Ожидание 1 минут до следующей синхронизации
2026-01-29 00:04:27,335 - __main__ - INFO - Начало цикла синхронизации
2026-01-29 00:04:27,342 - __main__ - INFO - Подключение к ActivityWatch успешно
2026-01-29 00:04:27,349 - __main__ - INFO - Подключение к серверу успешно
2026-01-29 00:04:27,554 - __main__ - INFO - Отправлено 5 новых событий
2026-01-29 00:04:27,555 - __main__ - INFO - Отправка дневного отчета за 2026-01-28
2026-01-29 00:04:27,556 - __main__ - ERROR - Ошибка отправки сводки: 404 - {"detail":"Not Found"}
2026-01-29 00:04:27,556 - __main__ - INFO - Ожидание 1 минут до следующей синхронизации
2026-01-29 00:05:27,557 - __main__ - INFO - Начало цикла синхронизации
2026-01-29 00:05:27,559 - __main__ - INFO - Подключение к ActivityWatch успешно
2026-01-29 00:05:27,561 - __main__ - INFO - Подключение к серверу успешно
2026-01-29 00:05:27,709 - __main__ - INFO - Отправлено 3 новых событий
2026-01-29 00:05:27,710 - __main__ - INFO - Отправка дневного отчета за 2026-01-28
2026-01-29 00:05:27,711 - __main__ - ERROR - Ошибка отправки сводки: 404 - {"detail":"Not Found"}
2026-01-29 00:05:27,712 - __main__ - INFO - Ожидание 1 минут до следующей синхронизации
2026-01-29 00:06:27,712 - __main__ - INFO - Начало цикла синхронизации
2026-01-29 00:06:27,716 - __main__ - INFO - Подключение к ActivityWatch успешно
2026-01-29 00:06:27,719 - __main__ - INFO - Подключение к серверу успешно
2026-01-29 00:06:27,894 - __main__ - INFO - Отправлено 5 новых событий
2026-01-29 00:06:27,895 - __main__ - INFO - Отправка дневного отчета за 2026-01-28
2026-01-29 00:06:27,897 - __main__ - ERROR - Ошибка отправки сводки: 404 - {"detail":"Not Found"}
2026-01-29 00:06:27,897 - __main__ - INFO - Ожидание 1 минут до следующей синхронизации
2026-01-29 00:07:27,897 - __main__ - INFO - Начало цикла синхронизации
2026-01-29 00:07:27,900 - __main__ - INFO - Подключение к ActivityWatch успешно
2026-01-29 00:07:27,906 - __main__ - INFO - Подключение к серверу успешно
2026-01-29 00:07:28,084 - __main__ - INFO - Отправлено 5 новых событий
2026-01-29 00:07:28,085 - __main__ - INFO - Отправка дневного отчета за 2026-01-28
2026-01-29 00:07:28,086 - __main__ - ERROR - Ошибка отправки сводки: 404 - {"detail":"Not Found"}
2026-01-29 00:07:28,086 - __main__ - INFO - Ожидание 1 минут до следующей синхронизации
2026-01-29 00:08:28,086 - __main__ - INFO - Начало цикла синхронизации
2026-01-29 00:08:28,094 - __main__ - INFO - Подключение к ActivityWatch успешно
2026-01-29 00:08:28,101 - __main__ - INFO - Подключение к серверу успешно
2026-01-29 00:08:28,327 - __main__ - INFO - Отправлено 5 новых событий
2026-01-29 00:08:28,328 - __main__ - INFO - Отправка дневного отчета за 2026-01-28
2026-01-29 00:08:28,330 - __main__ - ERROR - Ошибка отправки сводки: 404 - {"detail":"Not Found"}
2026-01-29 00:08:28,330 - __main__ - INFO - Ожидание 1 минут до следующей синхронизации
2026-01-29 00:09:28,330 - __main__ - INFO - Начало цикла синхронизации
2026-01-29 00:09:28,332 - __main__ - INFO - Подключение к ActivityWatch успешно
2026-01-29 00:09:28,334 - __main__ - INFO - Подключение к серверу успешно
2026-01-29 00:09:28,533 - __main__ - INFO - Отправлено 4 новых событий
2026-01-29 00:09:28,534 - __main__ - INFO - Отправка дневного отчета за 2026-01-28
2026-01-29 00:09:28,536 - __main__ - ERROR - Ошибка отправки сводки: 404 - {"detail":"Not Found"}
2026-01-29 00:09:28,536 - __main__ - INFO - Ожидание 1 минут до следующей синхронизации
2026-01-29 00:10:28,536 - __main__ - INFO - Начало цикла синхронизации
2026-01-29 00:10:28,538 - __main__ - INFO - Подключение к ActivityWatch успешно
2026-01-29 00:10:28,539 - __main__ - INFO - Подключение к серверу успешно
2026-01-29 00:10:28,762 - __main__ - INFO - Отправлено 9 новых событий
2026-01-29 00:10:28,763 - __main__ - INFO - Отправка дневного отчета за 2026-01-28
2026-01-29 00:10:28,764 - __main__ - ERROR - Ошибка отправки сводки: 404 - {"detail":"Not Found"}
2026-01-29 00:10:28,765 - __main__ - INFO - Ожидание 1 минут до следующей синхронизации
2026-01-29 00:11:28,765 - __main__ - INFO - Начало цикла синхронизации
2026-01-29 00:11:28,770 - __main__ - INFO - Подключение к ActivityWatch успешно
2026-01-29 00:11:28,776 - __main__ - INFO - Подключение к серверу успешно
2026-01-29 00:11:29,046 - __main__ - INFO - Отправлено 3 новых событий
2026-01-29 00:11:29,047 - __main__ - INFO - Отправка дневного отчета за 2026-01-28
2026-01-29 00:11:29,049 - __main__ - ERROR - Ошибка отправки сводки: 404 - {"detail":"Not Found"}
2026-01-29 00:11:29,049 - __main__ - INFO - Ожидание 1 минут до следующей синхронизации
2026-01-29 00:12:29,049 - __main__ - INFO - Начало цикла синхронизации
2026-01-29 00:12:29,058 - __main__ - INFO - Подключение к ActivityWatch успешно
2026-01-29 00:12:29,064 - __main__ - INFO - Подключение к серверу успешно
2026-01-29 00:12:29,216 - __main__ - INFO - Отправлено 2 новых событий
2026-01-29 00:12:29,217 - __main__ - INFO - Отправка дневного отчета за 2026-01-28
2026-01-29 00:12:29,219 - __main__ - ERROR - Ошибка отправки сводки: 404 - {"detail":"Not Found"}
2026-01-29 00:12:29,219 - __main__ - INFO - Ожидание 1 минут до следующей синхронизации
2026-01-29 00:13:29,219 - __main__ - INFO - Начало цикла синхронизации
2026-01-29 00:13:29,221 - __main__ - INFO - Подключение к ActivityWatch успешно
2026-01-29 00:13:29,222 - __main__ - INFO - Подключение к серверу успешно
2026-01-29 00:13:29,389 - __main__ - INFO - Отправлено 2 новых событий
2026-01-29 00:13:29,390 - __main__ - INFO - Отправка дневного отчета за 2026-01-28
2026-01-29 00:13:29,392 - __main__ - ERROR - Ошибка отправки сводки: 404 - {"detail":"Not Found"}
2026-01-29 00:13:29,392 - __main__ - INFO - Ожидание 1 минут до следующей синхронизации
2026-01-29 00:14:29,392 - __main__ - INFO - Начало цикла синхронизации
2026-01-29 00:14:29,396 - __main__ - INFO - Подключение к ActivityWatch успешно
2026-01-29 00:14:29,400 - __main__ - INFO - Подключение к серверу успешно
2026-01-29 00:14:29,588 - __main__ - INFO - Отправлено 6 новых событий
2026-01-29 00:14:29,589 - __main__ - INFO - Отправка дневного отчета за 2026-01-28
2026-01-29 00:14:29,590 - __main__ - ERROR - Ошибка отправки сводки: 404 - {"detail":"Not Found"}
2026-01-29 00:14:29,590 - __main__ - INFO - Ожидание 1 минут до следующей синхронизации
2026-01-29 00:15:29,590 - __main__ - INFO - Начало цикла синхронизации
2026-01-29 00:15:29,595 - __main__ - INFO - Подключение к ActivityWatch успешно
2026-01-29 00:15:29,599 - __main__ - INFO - Подключение к серверу успешно
2026-01-29 00:15:29,749 - __main__ - INFO - Отправлено 2 новых событий
2026-01-29 00:15:29,750 - __main__ - INFO - Отправка дневного отчета за 2026-01-28
2026-01-29 00:15:29,751 - __main__ - ERROR - Ошибка отправки сводки: 404 - {"detail":"Not Found"}
2026-01-29 00:15:29,751 - __main__ - INFO - Ожидание 1 минут до следующей синхронизации
2026-01-29 00:16:29,752 - __main__ - INFO - Начало цикла синхронизации
2026-01-29 00:16:29,760 - __main__ - INFO - Подключение к ActivityWatch успешно
2026-01-29 00:16:29,766 - __main__ - INFO - Подключение к серверу успешно
2026-01-29 00:16:29,977 - __main__ - INFO - Отправлено 4 новых событий
2026-01-29 00:16:29,977 - __main__ - INFO - Отправка дневного отчета за 2026-01-28
2026-01-29 00:16:29,979 - __main__ - ERROR - Ошибка отправки сводки: 404 - {"detail":"Not Found"}
2026-01-29 00:16:29,979 - __main__ - INFO - Ожидание 1 минут до следующей синхронизации
2026-01-29 00:17:29,979 - __main__ - INFO - Начало цикла синхронизации
2026-01-29 00:17:29,988 - __main__ - INFO - Подключение к ActivityWatch успешно
2026-01-29 00:17:29,995 - __main__ - INFO - Подключение к серверу успешно
2026-01-29 00:17:30,305 - __main__ - INFO - Отправлено 11 новых событий
2026-01-29 00:17:30,306 - __main__ - INFO - Отправка дневного отчета за 2026-01-28
2026-01-29 00:17:30,307 - __main__ - ERROR - Ошибка отправки сводки: 404 - {"detail":"Not Found"}
2026-01-29 00:17:30,307 - __main__ - INFO - Ожидание 1 минут до следующей синхронизации
2026-01-29 00:18:30,307 - __main__ - INFO - Начало цикла синхронизации
2026-01-29 00:18:30,310 - __main__ - INFO - Подключение к ActivityWatch успешно
2026-01-29 00:18:30,312 - __main__ - INFO - Подключение к серверу успешно
2026-01-29 00:18:30,506 - __main__ - INFO - Отправлено 6 новых событий
2026-01-29 00:18:30,507 - __main__ - INFO - Отправка дневного отчета за 2026-01-28
2026-01-29 00:18:30,508 - __main__ - ERROR - Ошибка отправки сводки: 404 - {"detail":"Not Found"}
2026-01-29 00:18:30,508 - __main__ - INFO - Ожидание 1 минут до следующей синхронизации
2026-01-29 00:19:30,509 - __main__ - INFO - Начало цикла синхронизации
2026-01-29 00:19:30,512 - __main__ - INFO - Подключение к ActivityWatch успешно
2026-01-29 00:19:30,514 - __main__ - INFO - Подключение к серверу успешно
2026-01-29 00:19:30,768 - __main__ - INFO - Отправлено 1 новых событий
2026-01-29 00:19:30,769 - __main__ - INFO - Отправка дневного отчета за 2026-01-28
2026-01-29 00:19:30,770 - __main__ - ERROR - Ошибка отправки сводки: 404 - {"detail":"Not Found"}
2026-01-29 00:19:30,770 - __main__ - INFO - Ожидание 1 минут до следующей синхронизации
2026-01-29 00:20:30,771 - __main__ - INFO - Начало цикла синхронизации
2026-01-29 00:20:30,774 - __main__ - INFO - Подключение к ActivityWatch успешно
2026-01-29 00:20:30,776 - __main__ - INFO - Подключение к серверу успешно
2026-01-29 00:20:30,788 - __main__ - INFO - Все события уже были обработаны
2026-01-29 00:20:30,788 - __main__ - INFO - Ожидание 1 минут до следующей синхронизации
2026-01-29 00:21:30,788 - __main__ - INFO - Начало цикла синхронизации
2026-01-29 00:21:30,793 - __main__ - INFO - Подключение к ActivityWatch успешно
2026-01-29 00:21:30,797 - __main__ - INFO - Подключение к серверу успешно
2026-01-29 00:21:30,829 - __main__ - INFO - Все события уже были обработаны
2026-01-29 00:21:30,829 - __main__ - INFO - Ожидание 1 минут до следующей синхронизации
2026-01-29 00:22:30,829 - __main__ - INFO - Начало цикла синхронизации
2026-01-29 00:22:30,838 - __main__ - INFO - Подключение к ActivityWatch успешно
2026-01-29 00:22:30,846 - __main__ - INFO - Подключение к серверу успешно
2026-01-29 00:22:31,084 - __main__ - INFO - Отправлено 4 новых событий
2026-01-29 00:22:31,085 - __main__ - INFO - Отправка дневного отчета за 2026-01-28
2026-01-29 00:22:31,087 - __main__ - ERROR - Ошибка отправки сводки: 404 - {"detail":"Not Found"}
2026-01-29 00:22:31,087 - __main__ - INFO - Ожидание 1 минут до следующей синхронизации
2026-01-29 00:23:31,087 - __main__ - INFO - Начало цикла синхронизации
2026-01-29 00:23:31,089 - __main__ - INFO - Подключение к ActivityWatch успешно
2026-01-29 00:23:31,091 - __main__ - INFO - Подключение к серверу успешно
2026-01-29 00:23:31,273 - __main__ - INFO - Отправлено 1 новых событий
2026-01-29 00:23:31,274 - __main__ - INFO - Отправка дневного отчета за 2026-01-28
2026-01-29 00:23:31,276 - __main__ - ERROR - Ошибка отправки сводки: 404 - {"detail":"Not Found"}
2026-01-29 00:23:31,276 - __main__ - INFO - Ожидание 1 минут до следующей синхронизации
2026-01-29 00:24:31,276 - __main__ - INFO - Начало цикла синхронизации
2026-01-29 00:24:31,280 - __main__ - INFO - Подключение к ActivityWatch успешно
2026-01-29 00:24:31,283 - __main__ - INFO - Подключение к серверу успешно
2026-01-29 00:24:31,504 - __main__ - INFO - Отправлено 3 новых событий
2026-01-29 00:24:31,505 - __main__ - INFO - Отправка дневного отчета за 2026-01-28
2026-01-29 00:24:31,507 - __main__ - ERROR - Ошибка отправки сводки: 404 - {"detail":"Not Found"}
2026-01-29 00:24:31,507 - __main__ - INFO - Ожидание 1 минут до следующей синхронизации
2026-01-29 00:25:05,998 - __main__ - INFO - Синхронизация остановлена пользователем
2026-01-29 00:25:05,998 - __main__ - INFO - Отправка накопленных данных перед выходом
2026-01-29 00:25:06,003 - __main__ - ERROR - Ошибка подключения при отправке сводки: HTTPConnectionPool(host='localhost', port=8000): Max retries exceeded with url: /receive_daily_summary (Caused by NewConnectionError("HTTPConnection(host='localhost', port=8000): Failed to establish a new connection: [Errno 111] Connection refused"))
2026-01-29 11:39:00,886 - __main__ - INFO - Проверка установки ActivityWatch на Linux
2026-01-29 11:39:00,889 - __main__ - INFO - ActivityWatch найден: /home/sweepy/.local/bin/aw-server
2026-01-29 11:39:00,889 - __main__ - INFO - Проверка запущен ли ActivityWatch...
2026-01-29 11:39:00,902 - __main__ - INFO - Найден существующий токен, используем его
2026-01-29 11:39:00,903 - __main__ - INFO - Отправка запроса регистрации: a1293ada...
2026-01-29 11:39:01,551 - __main__ - INFO - ✅ Устройство успешно зарегистрировано!
2026-01-29 11:39:04,251 - __main__ - INFO - Запуск ActivityWatch...
2026-01-29 11:39:04,251 - __main__ - INFO - Запускаем aw-server из /home/sweepy/.local/share/activitywatch/aw-server
2026-01-29 11:39:05,252 - __main__ - INFO - Запускаем aw-watcher-window из /home/sweepy/.local/share/activitywatch/aw-watcher-window
2026-01-29 11:39:06,252 - __main__ - INFO - Запускаем aw-watcher-afk из /home/sweepy/.local/share/activitywatch/aw-watcher-afk
2026-01-29 11:39:10,254 - __main__ - INFO - Процесс aw-server запущен (PID: 588785)
2026-01-29 11:39:10,254 - __main__ - INFO - Процесс aw-watcher-window запущен (PID: 588851)
2026-01-29 11:39:10,254 - __main__ - INFO - Процесс aw-watcher-afk запущен (PID: 589034)
2026-01-29 11:39:10,254 - __main__ - INFO - Проверка запущен ли ActivityWatch...
2026-01-29 11:39:10,259 - __main__ - INFO - ActivityWatch запущен и доступен
2026-01-29 11:39:10,259 - __main__ - INFO - ActivityWatch успешно запущен и доступен
2026-01-29 11:39:10,264 - __main__ - INFO - Проверка установки ActivityWatch на Linux
2026-01-29 11:39:10,267 - __main__ - INFO - ActivityWatch найден: /home/sweepy/.local/bin/aw-server
2026-01-29 11:39:10,267 - __main__ - INFO - Проверка запущен ли ActivityWatch...
2026-01-29 11:39:10,270 - __main__ - INFO - ActivityWatch запущен и доступен
2026-01-29 11:39:10,270 - __main__ - INFO - Инициализирован клиент для устройства: sweepy-ms7d99
2026-01-29 11:39:10,271 - __main__ - INFO - Запуск непрерывной синхронизации с интервалом 1 минут
2026-01-29 11:39:10,271 - __main__ - INFO - Начало цикла синхронизации
2026-01-29 11:39:10,274 - __main__ - INFO - Подключение к ActivityWatch успешно
2026-01-29 11:39:10,276 - __main__ - INFO - Подключение к серверу успешно
2026-01-29 11:39:11,658 - __main__ - INFO - Отправлено 83 новых событий
2026-01-29 11:39:11,659 - __main__ - INFO - Отправка дневного отчета за 2026-01-29
2026-01-29 11:39:11,661 - __main__ - ERROR - Ошибка отправки сводки: 404 - {"detail":"Not Found"}
2026-01-29 11:39:11,661 - __main__ - INFO - Ожидание 1 минут до следующей синхронизации
2026-01-29 11:40:11,661 - __main__ - INFO - Начало цикла синхронизации
2026-01-29 11:40:11,664 - __main__ - INFO - Подключение к ActivityWatch успешно
2026-01-29 11:40:11,665 - __main__ - INFO - Подключение к серверу успешно
2026-01-29 11:40:11,982 - __main__ - INFO - Отправлено 7 новых событий
2026-01-29 11:40:11,983 - __main__ - INFO - Отправка дневного отчета за 2026-01-29
2026-01-29 11:40:11,985 - __main__ - ERROR - Ошибка отправки сводки: 404 - {"detail":"Not Found"}
2026-01-29 11:40:11,985 - __main__ - INFO - Ожидание 1 минут до следующей синхронизации
2026-01-29 11:41:11,985 - __main__ - INFO - Начало цикла синхронизации
2026-01-29 11:41:11,990 - __main__ - INFO - Подключение к ActivityWatch успешно
2026-01-29 11:41:11,996 - __main__ - INFO - Подключение к серверу успешно
2026-01-29 11:41:12,240 - __main__ - INFO - Отправлено 1 новых событий
2026-01-29 11:41:12,241 - __main__ - INFO - Отправка дневного отчета за 2026-01-29
2026-01-29 11:41:12,242 - __main__ - ERROR - Ошибка отправки сводки: 404 - {"detail":"Not Found"}
2026-01-29 11:41:12,242 - __main__ - INFO - Ожидание 1 минут до следующей синхронизации
2026-01-29 11:42:12,242 - __main__ - INFO - Начало цикла синхронизации
2026-01-29 11:42:12,245 - __main__ - INFO - Подключение к ActivityWatch успешно
2026-01-29 11:42:12,246 - __main__ - INFO - Подключение к серверу успешно
2026-01-29 11:42:12,254 - __main__ - INFO - Все события уже были обработаны
2026-01-29 11:42:12,254 - __main__ - INFO - Ожидание 1 минут до следующей синхронизации
2026-01-29 11:43:12,255 - __main__ - INFO - Начало цикла синхронизации
2026-01-29 11:43:12,264 - __main__ - INFO - Подключение к ActivityWatch успешно
2026-01-29 11:43:12,268 - __main__ - INFO - Подключение к серверу успешно
2026-01-29 11:43:12,280 - __main__ - INFO - Все события уже были обработаны
2026-01-29 11:43:12,280 - __main__ - INFO - Ожидание 1 минут до следующей синхронизации
2026-01-29 11:44:12,280 - __main__ - INFO - Начало цикла синхронизации
2026-01-29 11:44:12,289 - __main__ - INFO - Подключение к ActivityWatch успешно
2026-01-29 11:44:12,296 - __main__ - INFO - Подключение к серверу успешно
2026-01-29 11:44:12,324 - __main__ - INFO - Все события уже были обработаны
2026-01-29 11:44:12,325 - __main__ - INFO - Ожидание 1 минут до следующей синхронизации
2026-01-29 11:45:12,325 - __main__ - INFO - Начало цикла синхронизации
2026-01-29 11:45:12,334 - __main__ - INFO - Подключение к ActivityWatch успешно
2026-01-29 11:45:12,340 - __main__ - INFO - Подключение к серверу успешно
2026-01-29 11:45:12,389 - __main__ - INFO - Все события уже были обработаны
2026-01-29 11:45:12,389 - __main__ - INFO - Ожидание 1 минут до следующей синхронизации
2026-01-29 11:46:12,390 - __main__ - INFO - Начало цикла синхронизации
2026-01-29 11:46:12,398 - __main__ - INFO - Подключение к ActivityWatch успешно
2026-01-29 11:46:12,405 - __main__ - INFO - Подключение к серверу успешно
2026-01-29 11:46:12,436 - __main__ - INFO - Все события уже были обработаны
2026-01-29 11:46:12,436 - __main__ - INFO - Ожидание 1 минут до следующей синхронизации
2026-01-29 11:47:12,436 - __main__ - INFO - Начало цикла синхронизации
2026-01-29 11:47:12,444 - __main__ - INFO - Подключение к ActivityWatch успешно
2026-01-29 11:47:12,451 - __main__ - INFO - Подключение к серверу успешно
2026-01-29 11:47:12,486 - __main__ - INFO - Все события уже были обработаны
2026-01-29 11:47:12,486 - __main__ - INFO - Ожидание 1 минут до следующей синхронизации
2026-01-29 11:48:12,487 - __main__ - INFO - Начало цикла синхронизации
2026-01-29 11:48:12,491 - __main__ - INFO - Подключение к ActivityWatch успешно
2026-01-29 11:48:12,493 - __main__ - INFO - Подключение к серверу успешно
2026-01-29 11:48:12,504 - __main__ - INFO - Все события уже были обработаны
2026-01-29 11:48:12,504 - __main__ - INFO - Ожидание 1 минут до следующей синхронизации
2026-01-29 11:49:12,504 - __main__ - INFO - Начало цикла синхронизации
2026-01-29 11:49:12,506 - __main__ - INFO - Подключение к ActivityWatch успешно
2026-01-29 11:49:12,508 - __main__ - INFO - Подключение к серверу успешно
2026-01-29 11:49:12,743 - __main__ - INFO - Отправлено 2 новых событий
2026-01-29 11:49:12,743 - __main__ - INFO - Отправка дневного отчета за 2026-01-29
2026-01-29 11:49:12,745 - __main__ - ERROR - Ошибка отправки сводки: 404 - {"detail":"Not Found"}
2026-01-29 11:49:12,745 - __main__ - INFO - Ожидание 1 минут до следующей синхронизации
2026-01-29 11:50:12,745 - __main__ - INFO - Начало цикла синхронизации
2026-01-29 11:50:12,753 - __main__ - INFO - Подключение к ActivityWatch успешно
2026-01-29 11:50:12,760 - __main__ - INFO - Подключение к серверу успешно
2026-01-29 11:50:13,035 - __main__ - INFO - Отправлено 2 новых событий
2026-01-29 11:50:13,036 - __main__ - INFO - Отправка дневного отчета за 2026-01-29
2026-01-29 11:50:13,038 - __main__ - ERROR - Ошибка отправки сводки: 404 - {"detail":"Not Found"}
2026-01-29 11:50:13,038 - __main__ - INFO - Ожидание 1 минут до следующей синхронизации
2026-01-29 11:51:13,038 - __main__ - INFO - Начало цикла синхронизации
2026-01-29 11:51:13,042 - __main__ - INFO - Подключение к ActivityWatch успешно
2026-01-29 11:51:13,044 - __main__ - INFO - Подключение к серверу успешно
2026-01-29 11:51:13,398 - __main__ - INFO - Отправлено 3 новых событий
2026-01-29 11:51:13,399 - __main__ - INFO - Отправка дневного отчета за 2026-01-29
2026-01-29 11:51:13,401 - __main__ - ERROR - Ошибка отправки сводки: 404 - {"detail":"Not Found"}
2026-01-29 11:51:13,401 - __main__ - INFO - Ожидание 1 минут до следующей синхронизации
2026-01-29 11:52:13,401 - __main__ - INFO - Начало цикла синхронизации
2026-01-29 11:52:13,409 - __main__ - INFO - Подключение к ActivityWatch успешно
2026-01-29 11:52:13,415 - __main__ - INFO - Подключение к серверу успешно
2026-01-29 11:52:13,862 - __main__ - INFO - Отправлено 8 новых событий
2026-01-29 11:52:13,863 - __main__ - INFO - Отправка дневного отчета за 2026-01-29
2026-01-29 11:52:13,865 - __main__ - ERROR - Ошибка отправки сводки: 404 - {"detail":"Not Found"}
2026-01-29 11:52:13,865 - __main__ - INFO - Ожидание 1 минут до следующей синхронизации
2026-01-29 11:53:13,865 - __main__ - INFO - Начало цикла синхронизации
2026-01-29 11:53:13,875 - __main__ - INFO - Подключение к ActivityWatch успешно
2026-01-29 11:53:13,881 - __main__ - INFO - Подключение к серверу успешно
2026-01-29 11:53:14,271 - __main__ - INFO - Отправлено 9 новых событий
2026-01-29 11:53:14,272 - __main__ - INFO - Отправка дневного отчета за 2026-01-29
2026-01-29 11:53:14,273 - __main__ - ERROR - Ошибка отправки сводки: 404 - {"detail":"Not Found"}
2026-01-29 11:53:14,274 - __main__ - INFO - Ожидание 1 минут до следующей синхронизации
2026-02-04 16:13:48,598 - __main__ - INFO - Проверка установки ActivityWatch на Linux
2026-02-04 16:13:48,600 - __main__ - INFO - ActivityWatch найден: /home/sweepy/.local/bin/aw-server
2026-02-04 16:13:48,600 - __main__ - INFO - Проверка запущен ли ActivityWatch...
2026-02-04 16:13:48,604 - __main__ - INFO - ActivityWatch запущен и доступен
2026-02-04 16:13:48,604 - __main__ - INFO - Найден существующий токен, используем его
2026-02-04 16:13:48,605 - __main__ - INFO - Отправка запроса регистрации: a1293ada...
2026-02-04 16:13:49,738 - __main__ - INFO - ✅ Устройство успешно зарегистрировано!
2026-02-04 16:14:01,492 - __main__ - INFO - Проверка установки ActivityWatch на Linux
2026-02-04 16:14:01,503 - __main__ - INFO - ActivityWatch найден: /home/sweepy/.local/bin/aw-server
2026-02-04 16:14:01,503 - __main__ - INFO - Настройка автозапуска...
2026-02-04 16:14:01,503 - __main__ - INFO - Проверка установки ActivityWatch на Linux
2026-02-04 16:14:01,513 - __main__ - INFO - ActivityWatch найден: /home/sweepy/.local/bin/aw-server
2026-02-04 16:14:01,514 - __main__ - INFO - Используем systemd для автозапуска
2026-02-04 16:14:04,943 - __main__ - INFO - Systemd сервисы созданы и активированы
2026-02-04 16:14:04,945 - __main__ - INFO - Создан стартовый скрипт: /home/sweepy/start_activitywatch.sh
2026-02-04 16:14:04,945 - __main__ - INFO - Автозапуск настроен успешно!
2026-02-04 16:14:04,952 - __main__ - INFO - Проверка установки ActivityWatch на Linux
2026-02-04 16:14:04,965 - __main__ - INFO - ActivityWatch найден: /home/sweepy/.local/bin/aw-server
2026-02-04 16:14:04,966 - __main__ - INFO - Проверка запущен ли ActivityWatch...
2026-02-04 16:14:04,988 - __main__ - WARNING - ActivityWatch не запущен. Пытаемся запустить...
2026-02-04 16:14:04,988 - __main__ - INFO - Попытка запуска 1/3
2026-02-04 16:14:04,988 - __main__ - INFO - Запуск ActivityWatch...
2026-02-04 16:14:04,989 - __main__ - INFO - Запускаем aw-server из /home/sweepy/.local/share/activitywatch/aw-server
2026-02-04 16:14:05,989 - __main__ - INFO - Запускаем aw-watcher-window из /home/sweepy/.local/share/activitywatch/aw-watcher-window
2026-02-04 16:14:06,991 - __main__ - INFO - Запускаем aw-watcher-afk из /home/sweepy/.local/share/activitywatch/aw-watcher-afk
2026-02-04 16:14:10,993 - __main__ - INFO - Процесс aw-server запущен (PID: 81154)
2026-02-04 16:14:10,993 - __main__ - INFO - Процесс aw-watcher-window запущен (PID: 81319)
2026-02-04 16:14:10,993 - __main__ - INFO - Процесс aw-watcher-afk запущен (PID: 81396)
2026-02-04 16:14:10,993 - __main__ - INFO - Проверка запущен ли ActivityWatch...
2026-02-04 16:14:11,002 - __main__ - INFO - ActivityWatch запущен и доступен
2026-02-04 16:14:11,003 - __main__ - INFO - ActivityWatch успешно запущен и доступен
2026-02-04 16:14:11,005 - __main__ - INFO - Инициализирован клиент для устройства: sweepy-ms7d99
2026-02-04 16:14:11,006 - __main__ - INFO - Запуск непрерывной синхронизации с интервалом 1 минут
2026-02-04 16:14:11,006 - __main__ - INFO - Начало цикла синхронизации
2026-02-04 16:14:11,015 - __main__ - INFO - Подключение к ActivityWatch успешно
2026-02-04 16:14:11,027 - __main__ - INFO - Подключение к серверу успешно
2026-02-04 16:14:11,054 - __main__ - WARNING - Запрос слишком старого времени (25.8 часов), ограничиваю 24 часами
2026-02-04 16:14:13,816 - __main__ - INFO - Отправлено 80 новых событий
2026-02-04 16:14:13,818 - __main__ - INFO - Отправка дневного отчета за 2026-02-04
2026-02-04 16:14:13,820 - __main__ - ERROR - Ошибка отправки сводки: 404 - {"detail":"Not Found"}
2026-02-04 16:14:13,820 - __main__ - INFO - Ожидание 1 минут до следующей синхронизации
2026-02-04 16:15:13,820 - __main__ - INFO - Начало цикла синхронизации
2026-02-04 16:15:13,829 - __main__ - INFO - Подключение к ActivityWatch успешно
2026-02-04 16:15:13,835 - __main__ - INFO - Подключение к серверу успешно
2026-02-04 16:15:14,424 - __main__ - INFO - Отправлено 8 новых событий
2026-02-04 16:15:14,425 - __main__ - INFO - Отправка дневного отчета за 2026-02-04
2026-02-04 16:15:14,427 - __main__ - ERROR - Ошибка отправки сводки: 404 - {"detail":"Not Found"}
2026-02-04 16:15:14,427 - __main__ - INFO - Ожидание 1 минут до следующей синхронизации
2026-02-04 16:16:14,427 - __main__ - INFO - Начало цикла синхронизации
2026-02-04 16:16:14,436 - __main__ - INFO - Подключение к ActivityWatch успешно
2026-02-04 16:16:14,442 - __main__ - INFO - Подключение к серверу успешно
2026-02-04 16:16:15,047 - __main__ - INFO - Отправлено 5 новых событий
2026-02-04 16:16:15,048 - __main__ - INFO - Отправка дневного отчета за 2026-02-04
2026-02-04 16:16:15,050 - __main__ - ERROR - Ошибка отправки сводки: 404 - {"detail":"Not Found"}
2026-02-04 16:16:15,050 - __main__ - INFO - Ожидание 1 минут до следующей синхронизации
2026-02-04 16:17:15,050 - __main__ - INFO - Начало цикла синхронизации
2026-02-04 16:17:15,059 - __main__ - INFO - Подключение к ActivityWatch успешно
2026-02-04 16:17:15,066 - __main__ - INFO - Подключение к серверу успешно
2026-02-04 16:17:15,672 - __main__ - INFO - Отправлено 3 новых событий
2026-02-04 16:17:15,673 - __main__ - INFO - Отправка дневного отчета за 2026-02-04
2026-02-04 16:17:15,675 - __main__ - ERROR - Ошибка отправки сводки: 404 - {"detail":"Not Found"}
2026-02-04 16:17:15,675 - __main__ - INFO - Ожидание 1 минут до следующей синхронизации
2026-02-04 16:38:28,079 - __main__ - INFO - Проверка установки ActivityWatch на Linux
2026-02-04 16:38:28,090 - __main__ - INFO - ActivityWatch найден: /home/sweepy/.local/bin/aw-server
2026-02-04 16:38:28,091 - __main__ - INFO - Проверка запущен ли ActivityWatch...
2026-02-04 16:38:28,104 - __main__ - INFO - Найден существующий токен, используем его
2026-02-04 16:38:28,105 - __main__ - INFO - Отправка запроса регистрации: a1293ada...
2026-02-04 16:38:29,323 - __main__ - INFO - ✅ Устройство успешно зарегистрировано!
2026-02-04 16:38:35,242 - __main__ - INFO - Проверка установки ActivityWatch на Linux
2026-02-04 16:38:35,253 - __main__ - INFO - ActivityWatch найден: /home/sweepy/.local/bin/aw-server
2026-02-04 16:38:35,253 - __main__ - INFO - Настройка автозапуска...
2026-02-04 16:38:35,253 - __main__ - INFO - Проверка установки ActivityWatch на Linux
2026-02-04 16:38:35,262 - __main__ - INFO - ActivityWatch найден: /home/sweepy/.local/bin/aw-server
2026-02-04 16:38:35,262 - __main__ - INFO - Настройка автозапуска для Linux...
2026-02-04 16:38:35,263 - __main__ - INFO - Найдены компоненты:
2026-02-04 16:38:35,263 - __main__ - INFO -   aw-server: /home/sweepy/.local/share/activitywatch/aw-server/aw-server
2026-02-04 16:38:35,263 - __main__ - INFO -   aw-watcher-window: /home/sweepy/.local/share/activitywatch/aw-watcher-window/aw-watcher-window
2026-02-04 16:38:35,263 - __main__ - INFO -   aw-watcher-afk: /home/sweepy/.local/share/activitywatch/aw-watcher-afk/aw-watcher-afk
2026-02-04 16:38:35,263 - __main__ - INFO -   aw-qt: /home/sweepy/.local/share/activitywatch/aw-qt
2026-02-04 16:38:35,263 - __main__ - INFO - Установлены права для /home/sweepy/.local/share/activitywatch/aw-qt
2026-02-04 16:38:35,264 - __main__ - INFO - Используем systemd для автозапуска
2026-02-04 16:38:35,655 - __main__ - INFO - Запускаем сервисы для проверки...
2026-02-04 16:38:40,937 - __main__ - ERROR - ✗ ActivityWatch сервис не запустился: 
2026-02-04 16:38:40,958 - __main__ - INFO - Systemd сервисы созданы и активированы
2026-02-04 16:38:40,958 - __main__ - INFO - Создан стартовый скрипт: /home/sweepy/start_activitywatch.sh
2026-02-04 16:38:40,958 - __main__ - INFO - Автозапуск настроен успешно!
2026-02-04 16:38:40,960 - __main__ - INFO - Проверка установки ActivityWatch на Linux
2026-02-04 16:38:40,962 - __main__ - INFO - ActivityWatch найден: /home/sweepy/.local/bin/aw-server
2026-02-04 16:38:40,962 - __main__ - INFO - Проверка запущен ли ActivityWatch...
2026-02-04 16:38:40,978 - __main__ - WARNING - ActivityWatch не запущен. Пытаемся запустить...
2026-02-04 16:38:40,978 - __main__ - INFO - Попытка запуска 1/3
2026-02-04 16:38:40,978 - __main__ - INFO - Запуск ActivityWatch...
2026-02-04 16:38:40,978 - __main__ - INFO - Запускаем aw-server из /home/sweepy/.local/share/activitywatch/aw-server
2026-02-04 16:38:41,979 - __main__ - INFO - Запускаем aw-watcher-window из /home/sweepy/.local/share/activitywatch/aw-watcher-window
2026-02-04 16:38:42,981 - __main__ - INFO - Запускаем aw-watcher-afk из /home/sweepy/.local/share/activitywatch/aw-watcher-afk
2026-02-04 16:38:46,982 - __main__ - INFO - Процесс aw-server запущен (PID: 130705)
2026-02-04 16:38:46,982 - __main__ - INFO - Процесс aw-watcher-window запущен (PID: 130757)
2026-02-04 16:38:46,982 - __main__ - INFO - Процесс aw-watcher-afk запущен (PID: 130909)
2026-02-04 16:38:46,982 - __main__ - INFO - Проверка запущен ли ActivityWatch...
2026-02-04 16:38:46,985 - __main__ - INFO - ActivityWatch запущен и доступен
2026-02-04 16:38:46,985 - __main__ - INFO - ActivityWatch успешно запущен и доступен
2026-02-04 16:38:46,986 - __main__ - INFO - Инициализирован клиент для устройства: sweepy-ms7d99
2026-02-04 16:38:46,986 - __main__ - INFO - Запуск непрерывной синхронизации с интервалом 1 минут
2026-02-04 16:38:46,986 - __main__ - INFO - Начало цикла синхронизации
2026-02-04 16:38:46,988 - __main__ - INFO - Подключение к ActivityWatch успешно
2026-02-04 16:38:46,990 - __main__ - INFO - Подключение к серверу успешно
2026-02-04 16:38:47,558 - __main__ - INFO - Отправлено 1 новых событий
2026-02-04 16:38:47,559 - __main__ - INFO - Отправка дневного отчета за 2026-02-04
2026-02-04 16:38:47,561 - __main__ - ERROR - Ошибка отправки сводки: 404 - {"detail":"Not Found"}
2026-02-04 16:38:47,561 - __main__ - INFO - Ожидание 1 минут до следующей синхронизации
2026-02-04 16:39:47,561 - __main__ - INFO - Начало цикла синхронизации
2026-02-04 16:39:47,563 - __main__ - INFO - Подключение к ActivityWatch успешно
2026-02-04 16:39:47,565 - __main__ - INFO - Подключение к серверу успешно
2026-02-04 16:39:48,144 - __main__ - INFO - Отправлено 4 новых событий
2026-02-04 16:39:48,145 - __main__ - INFO - Отправка дневного отчета за 2026-02-04
2026-02-04 16:39:48,147 - __main__ - ERROR - Ошибка отправки сводки: 404 - {"detail":"Not Found"}
2026-02-04 16:39:48,147 - __main__ - INFO - Ожидание 1 минут до следующей синхронизации
2026-02-04 16:40:33,570 - __main__ - INFO - Синхронизация остановлена пользователем
2026-02-04 16:40:33,570 - __main__ - INFO - Отправка накопленных данных перед выходом
2026-02-04 16:40:33,573 - __main__ - ERROR - Ошибка отправки сводки: 404 - {"detail":"Not Found"}
2026-02-04 16:41:24,967 - __main__ - INFO - Проверка установки ActivityWatch на Linux
2026-02-04 16:41:24,969 - __main__ - INFO - ActivityWatch найден: /home/sweepy/.local/bin/aw-server
2026-02-04 16:41:24,969 - __main__ - INFO - Проверка запущен ли ActivityWatch...
2026-02-04 16:41:24,972 - __main__ - INFO - ActivityWatch запущен и доступен
2026-02-04 16:41:24,973 - __main__ - INFO - Найден существующий токен, используем его
2026-02-04 16:41:24,973 - __main__ - INFO - Отправка запроса регистрации: a1293ada...
2026-02-04 16:41:25,868 - __main__ - INFO - ✅ Устройство успешно зарегистрировано!
2026-02-04 16:41:32,546 - __main__ - INFO - Проверка установки ActivityWatch на Linux
2026-02-04 16:41:32,553 - __main__ - INFO - ActivityWatch найден: /home/sweepy/.local/bin/aw-server
2026-02-04 16:41:32,553 - __main__ - INFO - Настройка автозапуска...
2026-02-04 16:41:32,553 - __main__ - INFO - Проверка установки ActivityWatch на Linux
2026-02-04 16:41:32,563 - __main__ - INFO - ActivityWatch найден: /home/sweepy/.local/bin/aw-server
2026-02-04 16:41:32,564 - __main__ - INFO - Настройка автозапуска для Linux...
2026-02-04 16:41:32,564 - __main__ - INFO - Найдены компоненты:
2026-02-04 16:41:32,564 - __main__ - INFO -   aw-server: /home/sweepy/.local/share/activitywatch/aw-server/aw-server
2026-02-04 16:41:32,565 - __main__ - INFO -   aw-watcher-window: /home/sweepy/.local/share/activitywatch/aw-watcher-window/aw-watcher-window
2026-02-04 16:41:32,565 - __main__ - INFO -   aw-watcher-afk: /home/sweepy/.local/share/activitywatch/aw-watcher-afk/aw-watcher-afk
2026-02-04 16:41:32,565 - __main__ - INFO -   aw-qt: /home/sweepy/.local/share/activitywatch/aw-qt
2026-02-04 16:41:32,565 - __main__ - INFO - Используем systemd для автозапуска
2026-02-04 16:41:32,839 - __main__ - INFO - ✓ ActivityWatch сервис включен для автозапуска
2026-02-04 16:41:32,953 - __main__ - INFO - ✓ Менеджер сервис включен для автозапуска
2026-02-04 16:41:32,953 - __main__ - INFO - Запускаем сервисы для проверки...
2026-02-04 16:42:03,079 - __main__ - ERROR - Ошибка запуска activitywatch.service: Job for activitywatch.service failed because a timeout was exceeded.
See "systemctl --user status activitywatch.service" and "journalctl --user -xeu activitywatch.service" for details.

2026-02-04 16:42:03,079 - __main__ - INFO - 
Подробная информация об ошибке:
2026-02-04 16:46:21,255 - __main__ - INFO - Проверка установки ActivityWatch на Linux
2026-02-04 16:46:21,265 - __main__ - INFO - ActivityWatch найден: /home/sweepy/.local/bin/aw-server
2026-02-04 16:46:21,265 - __main__ - INFO - Проверка запущен ли ActivityWatch...
2026-02-04 16:46:21,273 - __main__ - INFO - ActivityWatch запущен и доступен
2026-02-04 16:46:21,274 - __main__ - INFO - Инициализирован клиент для устройства: sweepy-ms7d99
2026-02-04 16:46:21,274 - __main__ - INFO - Запуск непрерывной синхронизации с интервалом 1 минут
2026-02-04 16:46:21,274 - __main__ - INFO - Начало цикла синхронизации
2026-02-04 16:46:21,276 - __main__ - INFO - Подключение к ActivityWatch успешно
2026-02-04 16:46:21,278 - __main__ - INFO - Подключение к серверу успешно
2026-02-04 16:46:21,980 - __main__ - INFO - Отправлено 7 новых событий
2026-02-04 16:46:21,981 - __main__ - INFO - Отправка дневного отчета за 2026-02-04
2026-02-04 16:46:21,982 - __main__ - ERROR - Ошибка отправки сводки: 404 - {"detail":"Not Found"}
2026-02-04 16:46:21,982 - __main__ - INFO - Ожидание 1 минут до следующей синхронизации
2026-02-04 16:46:22,392 - __main__ - INFO - Синхронизация остановлена пользователем
2026-02-04 16:46:22,393 - __main__ - INFO - Отправка накопленных данных перед выходом
2026-02-04 16:46:22,399 - __main__ - ERROR - Ошибка отправки сводки: 404 - {"detail":"Not Found"}
2026-02-04 16:46:25,164 - __main__ - INFO - Проверка установки ActivityWatch на Linux
2026-02-04 16:46:25,166 - __main__ - INFO - ActivityWatch найден: /home/sweepy/.local/bin/aw-server
2026-02-04 16:46:25,166 - __main__ - INFO - Проверка запущен ли ActivityWatch...
2026-02-04 16:46:25,169 - __main__ - INFO - ActivityWatch запущен и доступен
2026-02-04 16:46:25,170 - __main__ - INFO - Найден существующий токен, используем его
2026-02-04 16:46:25,170 - __main__ - INFO - Отправка запроса регистрации: a1293ada...
2026-02-04 16:46:26,104 - __main__ - INFO - ✅ Устройство успешно зарегистрировано!
2026-02-04 16:46:29,648 - __main__ - INFO - Проверка установки ActivityWatch на Linux
2026-02-04 16:46:29,653 - __main__ - INFO - ActivityWatch найден: /home/sweepy/.local/bin/aw-server
2026-02-04 16:46:29,653 - __main__ - INFO - Настройка автозапуска...
2026-02-04 16:46:29,653 - __main__ - INFO - Проверка установки ActivityWatch на Linux
2026-02-04 16:46:29,660 - __main__ - INFO - ActivityWatch найден: /home/sweepy/.local/bin/aw-server
2026-02-04 16:46:29,661 - __main__ - INFO - Настройка автозапуска для Linux...
2026-02-04 16:46:29,661 - __main__ - INFO - Найдены компоненты:
2026-02-04 16:46:29,661 - __main__ - INFO -   aw-server: /home/sweepy/.local/share/activitywatch/aw-server/aw-server
2026-02-04 16:46:29,661 - __main__ - INFO -   aw-watcher-window: /home/sweepy/.local/share/activitywatch/aw-watcher-window/aw-watcher-window
2026-02-04 16:46:29,661 - __main__ - INFO -   aw-watcher-afk: /home/sweepy/.local/share/activitywatch/aw-watcher-afk/aw-watcher-afk
2026-02-04 16:46:29,661 - __main__ - INFO - Используем systemd для автозапуска
2026-02-04 16:46:30,043 - __main__ - INFO - ✓ ActivityWatch сервис включен для автозапуска
2026-02-04 16:46:30,173 - __main__ - INFO - ✓ Менеджер сервис включен для автозапуска
2026-02-04 16:46:30,173 - __main__ - INFO - Запускаем сервисы для проверки...
2026-02-04 16:46:30,210 - __main__ - INFO - ✓ ActivityWatch сервис запущен
2026-02-04 16:47:03,249 - __main__ - INFO - ✓ Менеджер сервис запущен
2026-02-04 16:47:03,297 - __main__ - INFO - ✓ Автозапуск включен для пользователя sweepy
2026-02-04 16:47:03,297 - __main__ - INFO - 
Статус сервисов:
2026-02-04 16:47:03,318 - __main__ - INFO - Создан стартовый скрипт: /home/sweepy/start_activitywatch.sh
2026-02-04 16:47:03,319 - __main__ - INFO - Автозапуск настроен успешно!
2026-02-04 16:47:03,323 - __main__ - INFO - Проверка установки ActivityWatch на Linux
2026-02-04 16:47:03,329 - __main__ - INFO - ActivityWatch найден: /home/sweepy/.local/bin/aw-server
2026-02-04 16:47:03,330 - __main__ - INFO - Проверка запущен ли ActivityWatch...
2026-02-04 16:47:03,334 - __main__ - INFO - ActivityWatch запущен и доступен
2026-02-04 16:47:03,335 - __main__ - INFO - Инициализирован клиент для устройства: sweepy-ms7d99
2026-02-04 16:47:03,335 - __main__ - INFO - Запуск непрерывной синхронизации с интервалом 1 минут
2026-02-04 16:47:03,336 - __main__ - INFO - Начало цикла синхронизации
2026-02-04 16:47:03,338 - __main__ - INFO - Подключение к ActivityWatch успешно
2026-02-04 16:47:03,340 - __main__ - INFO - Подключение к серверу успешно
2026-02-04 16:47:03,847 - __main__ - INFO - Отправлено 2 новых событий
2026-02-04 16:47:03,848 - __main__ - INFO - Отправка дневного отчета за 2026-02-04
2026-02-04 16:47:03,850 - __main__ - ERROR - Ошибка отправки сводки: 404 - {"detail":"Not Found"}
2026-02-04 16:47:03,850 - __main__ - INFO - Ожидание 1 минут до следующей синхронизации
2026-02-04 16:48:03,850 - __main__ - INFO - Начало цикла синхронизации
2026-02-04 16:48:03,859 - __main__ - INFO - Подключение к ActivityWatch успешно
2026-02-04 16:48:03,862 - __main__ - INFO - Подключение к серверу успешно
2026-02-04 16:48:04,494 - __main__ - INFO - Отправлено 6 новых событий
2026-02-04 16:48:04,495 - __main__ - INFO - Отправка дневного отчета за 2026-02-04
2026-02-04 16:48:04,496 - __main__ - ERROR - Ошибка отправки сводки: 404 - {"detail":"Not Found"}
2026-02-04 16:48:04,496 - __main__ - INFO - Ожидание 1 минут до следующей синхронизации
2026-02-04 16:49:04,496 - __main__ - INFO - Начало цикла синхронизации
2026-02-04 16:49:04,505 - __main__ - INFO - Подключение к ActivityWatch успешно
2026-02-04 16:49:04,511 - __main__ - INFO - Подключение к серверу успешно
2026-02-04 16:49:05,099 - __main__ - INFO - Отправлено 3 новых событий
2026-02-04 16:49:05,100 - __main__ - INFO - Отправка дневного отчета за 2026-02-04
2026-02-04 16:49:05,101 - __main__ - ERROR - Ошибка отправки сводки: 404 - {"detail":"Not Found"}
2026-02-04 16:49:05,101 - __main__ - INFO - Ожидание 1 минут до следующей синхронизации
